------------------------------------------------------------------------
endTime=0001-01-01T00:00:00Z
startTime=2023-09-30T23:21:28.0757948+08:00
elapsedNano=-9223372036854775808
timezone=CST
ids={"eventId":"148f33f6-a968-4296-97ea-7e0fa187b1af"}
app={"appName":"chatService","appVersion":"v1.0.0","entryName":"","entryType":""}
env={"arch":"amd64","domain":"*","hostname":"ROOT","localIP":"169.254.148.210","os":"windows"}
payloads={}
counters={}
pairs={"key":"value"}
timing={}
remoteAddr=localhost
operation=test
eventStatus=NotStarted
EOE
------------------------------------------------------------------------
endTime=0001-01-01T00:00:00Z
startTime=2023-09-30T23:30:27.3483678+08:00
elapsedNano=-9223372036854775808
timezone=CST
ids={"eventId":"4a52a333-9f82-4377-8d6e-5e287380a628"}
app={"appName":"chatService","appVersion":"v1.0.0","entryName":"","entryType":""}
env={"arch":"amd64","domain":"*","hostname":"ROOT","localIP":"169.254.148.210","os":"windows"}
payloads={}
counters={}
pairs={"key":"value"}
timing={}
remoteAddr=localhost
operation=test
eventStatus=NotStarted
EOE
------------------------------------------------------------------------
endTime=0001-01-01T00:00:00Z
startTime=2023-09-30T23:30:46.8183496+08:00
elapsedNano=-9223372036854775808
timezone=CST
ids={"eventId":"5647609f-b5a8-4550-aa62-a9818a524f13"}
app={"appName":"chatService","appVersion":"v1.0.0","entryName":"","entryType":""}
env={"arch":"amd64","domain":"*","hostname":"ROOT","localIP":"169.254.148.210","os":"windows"}
payloads={}
counters={}
pairs={"key":"value"}
timing={}
remoteAddr=localhost
operation=test
eventStatus=NotStarted
EOE
------------------------------------------------------------------------
endTime=0001-01-01T00:00:00Z
startTime=2023-09-30T23:31:09.4788601+08:00
elapsedNano=-9223372036854775808
timezone=CST
ids={"eventId":"b3bb76ed-2be4-4fb6-93f3-557578f3ea89"}
app={"appName":"chatService","appVersion":"v1.0.0","entryName":"","entryType":""}
env={"arch":"amd64","domain":"*","hostname":"ROOT","localIP":"169.254.148.210","os":"windows"}
payloads={}
counters={}
pairs={"key":"value"}
timing={}
remoteAddr=localhost
operation=test
eventStatus=NotStarted
EOE
------------------------------------------------------------------------
endTime=0001-01-01T00:00:00Z
startTime=2023-09-30T23:37:54.3457863+08:00
elapsedNano=-9223372036854775808
timezone=CST
ids={"eventId":"1dad4235-430c-4bb3-8ab7-6b141262dfa4"}
app={"appName":"chatService","appVersion":"v1.0.0","entryName":"","entryType":""}
env={"arch":"amd64","domain":"*","hostname":"ROOT","localIP":"169.254.148.210","os":"windows"}
payloads={}
counters={}
pairs={"key":"value"}
timing={}
remoteAddr=localhost
operation=test
eventStatus=NotStarted
EOE
------------------------------------------------------------------------
endTime=0001-01-01T00:00:00Z
startTime=2023-09-30T23:38:06.2611227+08:00
elapsedNano=-9223372036854775808
timezone=CST
ids={"eventId":"bfdeebb0-380d-46fc-b5cb-fce0e27e516e"}
app={"appName":"chatService","appVersion":"v1.0.0","entryName":"","entryType":""}
env={"arch":"amd64","domain":"*","hostname":"ROOT","localIP":"169.254.148.210","os":"windows"}
payloads={}
counters={}
pairs={"key":"value"}
timing={}
remoteAddr=localhost
operation=test
eventStatus=NotStarted
EOE
------------------------------------------------------------------------
endTime=0001-01-01T00:00:00Z
startTime=2023-09-30T23:38:21.4022653+08:00
elapsedNano=-9223372036854775808
timezone=CST
ids={"eventId":"03f05abf-56c4-44db-910c-a852eb3c408d"}
app={"appName":"chatService","appVersion":"v1.0.0","entryName":"","entryType":""}
env={"arch":"amd64","domain":"*","hostname":"ROOT","localIP":"169.254.148.210","os":"windows"}
payloads={}
counters={}
pairs={"key":"value"}
timing={}
remoteAddr=localhost
operation=test
eventStatus=NotStarted
EOE
------------------------------------------------------------------------
endTime=0001-01-01T00:00:00Z
startTime=2023-09-30T23:39:21.9144007+08:00
elapsedNano=-9223372036854775808
timezone=CST
ids={"eventId":"310fb56b-3d6b-46aa-847f-43a9494cad2a"}
app={"appName":"chatService","appVersion":"v1.0.0","entryName":"","entryType":""}
env={"arch":"amd64","domain":"*","hostname":"ROOT","localIP":"169.254.148.210","os":"windows"}
payloads={}
counters={}
pairs={"key":"value"}
timing={}
remoteAddr=localhost
operation=test
eventStatus=NotStarted
EOE
------------------------------------------------------------------------
endTime=0001-01-01T00:00:00Z
startTime=2023-09-30T23:40:26.0654654+08:00
elapsedNano=-9223372036854775808
timezone=CST
ids={"eventId":"6fe35e74-8205-42a5-b432-ce0bd4043282"}
app={"appName":"chatService","appVersion":"v1.0.0","entryName":"","entryType":""}
env={"arch":"amd64","domain":"*","hostname":"ROOT","localIP":"169.254.148.210","os":"windows"}
payloads={}
counters={}
pairs={"key":"value"}
timing={}
remoteAddr=localhost
operation=test
eventStatus=NotStarted
EOE
------------------------------------------------------------------------
endTime=0001-01-01T00:00:00Z
startTime=2023-09-30T23:40:38.3443821+08:00
elapsedNano=-9223372036854775808
timezone=CST
ids={"eventId":"c09f9733-7104-45e9-bd5e-bfa5aba36122"}
app={"appName":"chatService","appVersion":"v1.0.0","entryName":"","entryType":""}
env={"arch":"amd64","domain":"*","hostname":"ROOT","localIP":"169.254.148.210","os":"windows"}
payloads={}
counters={}
pairs={"key":"value"}
timing={}
remoteAddr=localhost
operation=test
eventStatus=NotStarted
EOE
------------------------------------------------------------------------
endTime=0001-01-01T00:00:00Z
startTime=2023-09-30T23:41:11.644994+08:00
elapsedNano=-9223372036854775808
timezone=CST
ids={"eventId":"5083fa78-7e1d-443a-ad97-90632d7e1182"}
app={"appName":"chatService","appVersion":"v1.0.0","entryName":"","entryType":""}
env={"arch":"amd64","domain":"*","hostname":"ROOT","localIP":"169.254.148.210","os":"windows"}
payloads={}
counters={}
pairs={"key":"value"}
timing={}
remoteAddr=localhost
operation=test
eventStatus=NotStarted
EOE
------------------------------------------------------------------------
endTime=0001-01-01T00:00:00Z
startTime=2023-09-30T23:45:21.6637584+08:00
elapsedNano=-9223372036854775808
timezone=CST
ids={"eventId":"e1ee20a5-19d7-4b92-88e9-a44f610f6864"}
app={"appName":"chatService","appVersion":"v1.0.0","entryName":"","entryType":""}
env={"arch":"amd64","domain":"*","hostname":"ROOT","localIP":"169.254.148.210","os":"windows"}
payloads={}
counters={}
pairs={"key":"value"}
timing={}
remoteAddr=localhost
operation=test
eventStatus=NotStarted
EOE
------------------------------------------------------------------------
endTime=0001-01-01T00:00:00Z
startTime=2023-09-30T23:45:34.8884163+08:00
elapsedNano=-9223372036854775808
timezone=CST
ids={"eventId":"285e34ed-e2bb-4b23-956f-061f1964c501"}
app={"appName":"chatService","appVersion":"v1.0.0","entryName":"","entryType":""}
env={"arch":"amd64","domain":"*","hostname":"ROOT","localIP":"169.254.148.210","os":"windows"}
payloads={}
counters={}
pairs={"key":"value"}
timing={}
remoteAddr=localhost
operation=test
eventStatus=NotStarted
EOE
------------------------------------------------------------------------
endTime=0001-01-01T00:00:00Z
startTime=2023-09-30T23:53:58.2972101+08:00
elapsedNano=-9223372036854775808
timezone=CST
ids={"eventId":"f04a9ab9-9f1f-4ef0-9066-dd081c164d78"}
app={"appName":"chatService","appVersion":"v1.0.0","entryName":"","entryType":""}
env={"arch":"amd64","domain":"*","hostname":"ROOT","localIP":"169.254.148.210","os":"windows"}
payloads={}
counters={}
pairs={"key":"value"}
timing={}
remoteAddr=localhost
operation=test
eventStatus=NotStarted
EOE
------------------------------------------------------------------------
endTime=0001-01-01T00:00:00Z
startTime=2023-09-30T23:54:05.5479246+08:00
elapsedNano=-9223372036854775808
timezone=CST
ids={"eventId":"c8e1af33-ccd9-410a-8809-b84a326501d2"}
app={"appName":"chatService","appVersion":"v1.0.0","entryName":"","entryType":""}
env={"arch":"amd64","domain":"*","hostname":"ROOT","localIP":"169.254.148.210","os":"windows"}
payloads={}
counters={}
pairs={"key":"value"}
timing={}
remoteAddr=localhost
operation=test
eventStatus=NotStarted
EOE
------------------------------------------------------------------------
endTime=0001-01-01T00:00:00Z
startTime=2023-09-30T23:55:28.3405653+08:00
elapsedNano=-9223372036854775808
timezone=CST
ids={"eventId":"4bbe4896-852c-4c82-ad70-8bdbed18e5ab"}
app={"appName":"chatService","appVersion":"v1.0.0","entryName":"","entryType":""}
env={"arch":"amd64","domain":"*","hostname":"ROOT","localIP":"169.254.148.210","os":"windows"}
payloads={}
counters={}
pairs={"key":"value"}
timing={}
remoteAddr=localhost
operation=test
eventStatus=NotStarted
EOE
------------------------------------------------------------------------
endTime=0001-01-01T00:00:00Z
startTime=2023-10-01T08:01:05.2982597+08:00
elapsedNano=-9223372036854775808
timezone=CST
ids={"eventId":"64853127-337c-4718-a7f2-d1648c7c5c79"}
app={"appName":"chatService","appVersion":"v1.0.0","entryName":"","entryType":""}
env={"arch":"amd64","domain":"*","hostname":"ROOT","localIP":"169.254.148.210","os":"windows"}
payloads={}
counters={}
pairs={"key":"value"}
timing={}
remoteAddr=localhost
operation=test
eventStatus=NotStarted
EOE
------------------------------------------------------------------------
endTime=0001-01-01T00:00:00Z
startTime=2023-10-01T08:08:24.044351+08:00
elapsedNano=-9223372036854775808
timezone=CST
ids={"eventId":"fe42887b-5d9f-4ec1-b8c3-6fb81547344d"}
app={"appName":"chatService","appVersion":"v1.0.0","entryName":"","entryType":""}
env={"arch":"amd64","domain":"*","hostname":"ROOT","localIP":"169.254.148.210","os":"windows"}
payloads={}
counters={}
pairs={"key":"value"}
timing={}
remoteAddr=localhost
operation=test
eventStatus=NotStarted
EOE
------------------------------------------------------------------------
endTime=0001-01-01T00:00:00Z
startTime=2023-10-01T08:08:50.4595768+08:00
elapsedNano=-9223372036854775808
timezone=CST
ids={"eventId":"1489d426-6003-425c-85ef-4770119881a7"}
app={"appName":"chatService","appVersion":"v1.0.0","entryName":"","entryType":""}
env={"arch":"amd64","domain":"*","hostname":"ROOT","localIP":"169.254.148.210","os":"windows"}
payloads={}
counters={}
pairs={"key":"value"}
timing={}
remoteAddr=localhost
operation=test
eventStatus=NotStarted
EOE
------------------------------------------------------------------------
endTime=0001-01-01T00:00:00Z
startTime=2023-10-01T08:09:27.8861331+08:00
elapsedNano=-9223372036854775808
timezone=CST
ids={"eventId":"e5bd9f4d-72ae-459c-81ad-93bf90cb4bc2"}
app={"appName":"chatService","appVersion":"v1.0.0","entryName":"","entryType":""}
env={"arch":"amd64","domain":"*","hostname":"ROOT","localIP":"169.254.148.210","os":"windows"}
payloads={}
counters={}
pairs={"key":"value"}
timing={}
remoteAddr=localhost
operation=test
eventStatus=NotStarted
EOE
------------------------------------------------------------------------
endTime=0001-01-01T00:00:00Z
startTime=2023-10-01T08:09:41.7348785+08:00
elapsedNano=-9223372036854775808
timezone=CST
ids={"eventId":"878e923a-3bac-4ff8-8338-b82bc4c547f9"}
app={"appName":"chatService","appVersion":"v1.0.0","entryName":"","entryType":""}
env={"arch":"amd64","domain":"*","hostname":"ROOT","localIP":"169.254.148.210","os":"windows"}
payloads={}
counters={}
pairs={"key":"value"}
timing={}
remoteAddr=localhost
operation=test
eventStatus=NotStarted
EOE
------------------------------------------------------------------------
endTime=0001-01-01T00:00:00Z
startTime=2023-10-01T08:11:42.3434558+08:00
elapsedNano=-9223372036854775808
timezone=CST
ids={"eventId":"43c9e724-b1bb-4449-9bb1-76653ea19767"}
app={"appName":"chatService","appVersion":"v1.0.0","entryName":"","entryType":""}
env={"arch":"amd64","domain":"*","hostname":"ROOT","localIP":"169.254.148.210","os":"windows"}
payloads={}
counters={}
pairs={"key":"value"}
timing={}
remoteAddr=localhost
operation=test
eventStatus=NotStarted
EOE
------------------------------------------------------------------------
endTime=0001-01-01T00:00:00Z
startTime=2023-10-01T08:12:03.7771689+08:00
elapsedNano=-9223372036854775808
timezone=CST
ids={"eventId":"65597849-be3e-4348-8a69-622801c904bc"}
app={"appName":"chatService","appVersion":"v1.0.0","entryName":"","entryType":""}
env={"arch":"amd64","domain":"*","hostname":"ROOT","localIP":"169.254.148.210","os":"windows"}
payloads={}
counters={}
pairs={"key":"value"}
timing={}
remoteAddr=localhost
operation=test
eventStatus=NotStarted
EOE
------------------------------------------------------------------------
endTime=0001-01-01T00:00:00Z
startTime=2023-10-01T08:12:34.3963707+08:00
elapsedNano=-9223372036854775808
timezone=CST
ids={"eventId":"d02ac61c-793c-40d4-ab1e-d0dc58d12f63"}
app={"appName":"chatService","appVersion":"v1.0.0","entryName":"","entryType":""}
env={"arch":"amd64","domain":"*","hostname":"ROOT","localIP":"169.254.148.210","os":"windows"}
payloads={}
counters={}
pairs={"key":"value"}
timing={}
remoteAddr=localhost
operation=test
eventStatus=NotStarted
EOE
------------------------------------------------------------------------
endTime=0001-01-01T00:00:00Z
startTime=2023-10-01T08:19:19.6672156+08:00
elapsedNano=-9223372036854775808
timezone=CST
ids={"eventId":"27f63920-c184-44e1-b136-59c1c28b0ab1"}
app={"appName":"chatService","appVersion":"v1.0.0","entryName":"","entryType":""}
env={"arch":"amd64","domain":"*","hostname":"ROOT","localIP":"169.254.148.210","os":"windows"}
payloads={}
counters={}
pairs={"key":"value"}
timing={}
remoteAddr=localhost
operation=test
eventStatus=NotStarted
EOE
------------------------------------------------------------------------
endTime=0001-01-01T00:00:00Z
startTime=2023-10-01T08:19:50.4343992+08:00
elapsedNano=-9223372036854775808
timezone=CST
ids={"eventId":"5bf3b116-e062-4e24-ac41-22bf5e91bc50"}
app={"appName":"chatService","appVersion":"v1.0.0","entryName":"","entryType":""}
env={"arch":"amd64","domain":"*","hostname":"ROOT","localIP":"169.254.148.210","os":"windows"}
payloads={}
counters={}
pairs={"key":"value"}
timing={}
remoteAddr=localhost
operation=test
eventStatus=NotStarted
EOE
------------------------------------------------------------------------
endTime=0001-01-01T00:00:00Z
startTime=2023-10-01T08:43:56.0430975+08:00
elapsedNano=-9223372036854775808
timezone=CST
ids={"eventId":"bd5e59b7-36a1-4f24-95ea-ca386e4f67eb"}
app={"appName":"chatService","appVersion":"v1.0.0","entryName":"","entryType":""}
env={"arch":"amd64","domain":"*","hostname":"ROOT","localIP":"169.254.148.210","os":"windows"}
payloads={}
counters={}
pairs={"key":"value"}
timing={}
remoteAddr=localhost
operation=test
eventStatus=NotStarted
EOE
------------------------------------------------------------------------
endTime=0001-01-01T00:00:00Z
startTime=2023-10-01T08:44:07.611461+08:00
elapsedNano=-9223372036854775808
timezone=CST
ids={"eventId":"ba001732-5073-44a6-8182-69854baabf5f"}
app={"appName":"chatService","appVersion":"v1.0.0","entryName":"","entryType":""}
env={"arch":"amd64","domain":"*","hostname":"ROOT","localIP":"169.254.148.210","os":"windows"}
payloads={}
counters={}
pairs={"key":"value"}
timing={}
remoteAddr=localhost
operation=test
eventStatus=NotStarted
EOE
------------------------------------------------------------------------
endTime=0001-01-01T00:00:00Z
startTime=2023-10-01T09:01:18.7115837+08:00
elapsedNano=-9223372036854775808
timezone=CST
ids={"eventId":"44a54c08-be35-4d6f-b642-f818c3b78716"}
app={"appName":"chatService","appVersion":"v1.0.0","entryName":"","entryType":""}
env={"arch":"amd64","domain":"*","hostname":"ROOT","localIP":"169.254.148.210","os":"windows"}
payloads={}
counters={}
pairs={"key":"value"}
timing={}
remoteAddr=localhost
operation=test
eventStatus=NotStarted
EOE
------------------------------------------------------------------------
endTime=0001-01-01T00:00:00Z
startTime=2023-10-01T09:02:00.7405088+08:00
elapsedNano=-9223372036854775808
timezone=CST
ids={"eventId":"3896a21e-5da7-4c36-9249-9e585fc22f8e"}
app={"appName":"chatService","appVersion":"v1.0.0","entryName":"","entryType":""}
env={"arch":"amd64","domain":"*","hostname":"ROOT","localIP":"169.254.148.210","os":"windows"}
payloads={}
counters={}
pairs={"key":"value"}
timing={}
remoteAddr=localhost
operation=test
eventStatus=NotStarted
EOE
------------------------------------------------------------------------
endTime=0001-01-01T00:00:00Z
startTime=2023-10-01T09:17:32.63653+08:00
elapsedNano=-9223372036854775808
timezone=CST
ids={"eventId":"c703bd03-7025-47b0-b7ad-2b8b76dadbfa"}
app={"appName":"chatService","appVersion":"v1.0.0","entryName":"","entryType":""}
env={"arch":"amd64","domain":"*","hostname":"ROOT","localIP":"169.254.148.210","os":"windows"}
payloads={}
counters={}
pairs={"key":"value"}
timing={}
remoteAddr=localhost
operation=test
eventStatus=NotStarted
EOE
------------------------------------------------------------------------
endTime=0001-01-01T00:00:00Z
startTime=2023-10-01T09:23:41.1409711+08:00
elapsedNano=-9223372036854775808
timezone=CST
ids={"eventId":"d560f48d-8d47-433c-9144-475840265ab4"}
app={"appName":"chatService","appVersion":"v1.0.0","entryName":"","entryType":""}
env={"arch":"amd64","domain":"*","hostname":"ROOT","localIP":"169.254.148.210","os":"windows"}
payloads={}
counters={}
pairs={"key":"value"}
timing={}
remoteAddr=localhost
operation=test
eventStatus=NotStarted
EOE
------------------------------------------------------------------------
endTime=0001-01-01T00:00:00Z
startTime=2023-10-01T09:28:11.016551+08:00
elapsedNano=-9223372036854775808
timezone=CST
ids={"eventId":"dc134d1c-9350-4dcb-9ff5-332d79a7c354"}
app={"appName":"chatService","appVersion":"v1.0.0","entryName":"","entryType":""}
env={"arch":"amd64","domain":"*","hostname":"ROOT","localIP":"169.254.148.210","os":"windows"}
payloads={}
counters={}
pairs={"key":"value"}
timing={}
remoteAddr=localhost
operation=test
eventStatus=NotStarted
EOE
------------------------------------------------------------------------
endTime=0001-01-01T00:00:00Z
startTime=2023-10-01T09:28:58.701404+08:00
elapsedNano=-9223372036854775808
timezone=CST
ids={"eventId":"66cd4bed-407c-4d0a-843d-6005333be315"}
app={"appName":"chatService","appVersion":"v1.0.0","entryName":"","entryType":""}
env={"arch":"amd64","domain":"*","hostname":"ROOT","localIP":"169.254.148.210","os":"windows"}
payloads={}
counters={}
pairs={"key":"value"}
timing={}
remoteAddr=localhost
operation=test
eventStatus=NotStarted
EOE
------------------------------------------------------------------------
endTime=0001-01-01T00:00:00Z
startTime=2023-10-01T09:29:08.1305491+08:00
elapsedNano=-9223372036854775808
timezone=CST
ids={"eventId":"fa719143-423f-4ee1-ae9e-29367dfe7f82"}
app={"appName":"chatService","appVersion":"v1.0.0","entryName":"","entryType":""}
env={"arch":"amd64","domain":"*","hostname":"ROOT","localIP":"169.254.148.210","os":"windows"}
payloads={}
counters={}
pairs={"key":"value"}
timing={}
remoteAddr=localhost
operation=test
eventStatus=NotStarted
EOE
------------------------------------------------------------------------
endTime=0001-01-01T00:00:00Z
startTime=2023-10-01T09:52:40.4064214+08:00
elapsedNano=-9223372036854775808
timezone=CST
ids={"eventId":"c928ab74-4de8-45c5-b5d4-518017331926"}
app={"appName":"chatService","appVersion":"v1.0.0","entryName":"","entryType":""}
env={"arch":"amd64","domain":"*","hostname":"ROOT","localIP":"169.254.148.210","os":"windows"}
payloads={}
counters={}
pairs={"key":"value"}
timing={}
remoteAddr=localhost
operation=test
eventStatus=NotStarted
EOE
------------------------------------------------------------------------
endTime=0001-01-01T00:00:00Z
startTime=2023-10-01T09:53:04.4720491+08:00
elapsedNano=-9223372036854775808
timezone=CST
ids={"eventId":"2483233f-f164-4d50-95b9-69e281a4b91e"}
app={"appName":"chatService","appVersion":"v1.0.0","entryName":"","entryType":""}
env={"arch":"amd64","domain":"*","hostname":"ROOT","localIP":"169.254.148.210","os":"windows"}
payloads={}
counters={}
pairs={"key":"value"}
timing={}
remoteAddr=localhost
operation=test
eventStatus=NotStarted
EOE
------------------------------------------------------------------------
endTime=0001-01-01T00:00:00Z
startTime=2023-10-01T09:57:16.3746938+08:00
elapsedNano=-9223372036854775808
timezone=CST
ids={"eventId":"d02281a3-caf3-4f40-953b-daea4ef4f67c"}
app={"appName":"chatService","appVersion":"v1.0.0","entryName":"","entryType":""}
env={"arch":"amd64","domain":"*","hostname":"ROOT","localIP":"169.254.148.210","os":"windows"}
payloads={}
counters={}
pairs={"key":"value"}
timing={}
remoteAddr=localhost
operation=test
eventStatus=NotStarted
EOE
------------------------------------------------------------------------
endTime=0001-01-01T00:00:00Z
startTime=2023-10-01T10:00:22.0712153+08:00
elapsedNano=-9223372036854775808
timezone=CST
ids={"eventId":"2b7d69bc-a659-44fc-b978-bf12312a8bac"}
app={"appName":"chatService","appVersion":"v1.0.0","entryName":"","entryType":""}
env={"arch":"amd64","domain":"*","hostname":"ROOT","localIP":"169.254.148.210","os":"windows"}
payloads={}
counters={}
pairs={"key":"value"}
timing={}
remoteAddr=localhost
operation=test
eventStatus=NotStarted
EOE
------------------------------------------------------------------------
endTime=0001-01-01T00:00:00Z
startTime=2023-10-01T10:00:54.4338163+08:00
elapsedNano=-9223372036854775808
timezone=CST
ids={"eventId":"9d5536e4-362b-4fc9-876f-2746af81977a"}
app={"appName":"chatService","appVersion":"v1.0.0","entryName":"","entryType":""}
env={"arch":"amd64","domain":"*","hostname":"ROOT","localIP":"169.254.148.210","os":"windows"}
payloads={}
counters={}
pairs={"key":"value"}
timing={}
remoteAddr=localhost
operation=test
eventStatus=NotStarted
EOE
------------------------------------------------------------------------
endTime=0001-01-01T00:00:00Z
startTime=2023-10-01T10:01:13.5748631+08:00
elapsedNano=-9223372036854775808
timezone=CST
ids={"eventId":"1b063323-af7b-4de3-9219-9046a521e9df"}
app={"appName":"chatService","appVersion":"v1.0.0","entryName":"","entryType":""}
env={"arch":"amd64","domain":"*","hostname":"ROOT","localIP":"169.254.148.210","os":"windows"}
payloads={}
counters={}
pairs={"key":"value"}
timing={}
remoteAddr=localhost
operation=test
eventStatus=NotStarted
EOE
------------------------------------------------------------------------
endTime=0001-01-01T00:00:00Z
startTime=2023-10-01T10:05:54.3608044+08:00
elapsedNano=-9223372036854775808
timezone=CST
ids={"eventId":"d0b51f42-806a-4200-a23c-edee8974500c"}
app={"appName":"chatService","appVersion":"v1.0.0","entryName":"","entryType":""}
env={"arch":"amd64","domain":"*","hostname":"ROOT","localIP":"169.254.148.210","os":"windows"}
payloads={}
counters={}
pairs={"key":"value"}
timing={}
remoteAddr=localhost
operation=test
eventStatus=NotStarted
EOE
------------------------------------------------------------------------
endTime=0001-01-01T00:00:00Z
startTime=2023-10-01T10:06:11.2863033+08:00
elapsedNano=-9223372036854775808
timezone=CST
ids={"eventId":"bbd4c83e-e51d-422f-abd8-f3fcd4cd3fa9"}
app={"appName":"chatService","appVersion":"v1.0.0","entryName":"","entryType":""}
env={"arch":"amd64","domain":"*","hostname":"ROOT","localIP":"169.254.148.210","os":"windows"}
payloads={}
counters={}
pairs={"key":"value"}
timing={}
remoteAddr=localhost
operation=test
eventStatus=NotStarted
EOE
------------------------------------------------------------------------
endTime=0001-01-01T00:00:00Z
startTime=2023-10-01T10:06:21.5401699+08:00
elapsedNano=-9223372036854775808
timezone=CST
ids={"eventId":"44090bb3-5e85-4fe1-9e91-f663b6f9e75e"}
app={"appName":"chatService","appVersion":"v1.0.0","entryName":"","entryType":""}
env={"arch":"amd64","domain":"*","hostname":"ROOT","localIP":"169.254.148.210","os":"windows"}
payloads={}
counters={}
pairs={"key":"value"}
timing={}
remoteAddr=localhost
operation=test
eventStatus=NotStarted
EOE
------------------------------------------------------------------------
endTime=0001-01-01T00:00:00Z
startTime=2023-10-01T10:06:39.22573+08:00
elapsedNano=-9223372036854775808
timezone=CST
ids={"eventId":"098237ed-fcdf-44aa-83de-1216df89d8df"}
app={"appName":"chatService","appVersion":"v1.0.0","entryName":"","entryType":""}
env={"arch":"amd64","domain":"*","hostname":"ROOT","localIP":"169.254.148.210","os":"windows"}
payloads={}
counters={}
pairs={"key":"value"}
timing={}
remoteAddr=localhost
operation=test
eventStatus=NotStarted
EOE
------------------------------------------------------------------------
endTime=0001-01-01T00:00:00Z
startTime=2023-10-01T10:15:23.267481+08:00
elapsedNano=-9223372036854775808
timezone=CST
ids={"eventId":"a1c72b2a-ecd3-44c0-ad9a-bfe9c6c92f2e"}
app={"appName":"chatService","appVersion":"v1.0.0","entryName":"","entryType":""}
env={"arch":"amd64","domain":"*","hostname":"ROOT","localIP":"169.254.148.210","os":"windows"}
payloads={}
counters={}
pairs={"key":"value"}
timing={}
remoteAddr=localhost
operation=test
eventStatus=NotStarted
EOE
------------------------------------------------------------------------
endTime=0001-01-01T00:00:00Z
startTime=2023-10-01T10:20:04.6496541+08:00
elapsedNano=-9223372036854775808
timezone=CST
ids={"eventId":"44ce7f8f-dc97-4c68-b866-eb2344d780a4"}
app={"appName":"chatService","appVersion":"v1.0.0","entryName":"","entryType":""}
env={"arch":"amd64","domain":"*","hostname":"ROOT","localIP":"169.254.148.210","os":"windows"}
payloads={}
counters={}
pairs={"key":"value"}
timing={}
remoteAddr=localhost
operation=test
eventStatus=NotStarted
EOE
------------------------------------------------------------------------
endTime=0001-01-01T00:00:00Z
startTime=2023-10-01T10:21:03.181785+08:00
elapsedNano=-9223372036854775808
timezone=CST
ids={"eventId":"9e22e260-4500-4fce-864f-07484d46d18b"}
app={"appName":"chatService","appVersion":"v1.0.0","entryName":"","entryType":""}
env={"arch":"amd64","domain":"*","hostname":"ROOT","localIP":"169.254.148.210","os":"windows"}
payloads={}
counters={}
pairs={"key":"value"}
timing={}
remoteAddr=localhost
operation=test
eventStatus=NotStarted
EOE
------------------------------------------------------------------------
endTime=0001-01-01T00:00:00Z
startTime=2023-10-01T10:21:30.4729261+08:00
elapsedNano=-9223372036854775808
timezone=CST
ids={"eventId":"8fd9b4e8-8741-44e5-a60a-68e26f2cc066"}
app={"appName":"chatService","appVersion":"v1.0.0","entryName":"","entryType":""}
env={"arch":"amd64","domain":"*","hostname":"ROOT","localIP":"169.254.148.210","os":"windows"}
payloads={}
counters={}
pairs={"key":"value"}
timing={}
remoteAddr=localhost
operation=test
eventStatus=NotStarted
EOE
------------------------------------------------------------------------
endTime=0001-01-01T00:00:00Z
startTime=2023-10-01T10:21:45.9095276+08:00
elapsedNano=-9223372036854775808
timezone=CST
ids={"eventId":"b4585268-6800-4e66-85c9-8f6948fc5a16"}
app={"appName":"chatService","appVersion":"v1.0.0","entryName":"","entryType":""}
env={"arch":"amd64","domain":"*","hostname":"ROOT","localIP":"169.254.148.210","os":"windows"}
payloads={}
counters={}
pairs={"key":"value"}
timing={}
remoteAddr=localhost
operation=test
eventStatus=NotStarted
EOE
------------------------------------------------------------------------
endTime=0001-01-01T00:00:00Z
startTime=2023-10-01T10:21:54.238619+08:00
elapsedNano=-9223372036854775808
timezone=CST
ids={"eventId":"018f76c2-f9b2-4a3a-8a97-d041866c9d57"}
app={"appName":"chatService","appVersion":"v1.0.0","entryName":"","entryType":""}
env={"arch":"amd64","domain":"*","hostname":"ROOT","localIP":"169.254.148.210","os":"windows"}
payloads={}
counters={}
pairs={"key":"value"}
timing={}
remoteAddr=localhost
operation=test
eventStatus=NotStarted
EOE
------------------------------------------------------------------------
endTime=0001-01-01T00:00:00Z
startTime=2023-10-01T10:23:07.6025521+08:00
elapsedNano=-9223372036854775808
timezone=CST
ids={"eventId":"69463e2a-78f0-476b-92b7-ccdd78889d0b"}
app={"appName":"chatService","appVersion":"v1.0.0","entryName":"","entryType":""}
env={"arch":"amd64","domain":"*","hostname":"ROOT","localIP":"169.254.148.210","os":"windows"}
payloads={}
counters={}
pairs={"key":"value"}
timing={}
remoteAddr=localhost
operation=test
eventStatus=NotStarted
EOE
------------------------------------------------------------------------
endTime=0001-01-01T00:00:00Z
startTime=2023-10-01T10:23:38.5758897+08:00
elapsedNano=-9223372036854775808
timezone=CST
ids={"eventId":"2af719d2-07ed-4062-8fde-3b939cac1ba7"}
app={"appName":"chatService","appVersion":"v1.0.0","entryName":"","entryType":""}
env={"arch":"amd64","domain":"*","hostname":"ROOT","localIP":"169.254.148.210","os":"windows"}
payloads={}
counters={}
pairs={"key":"value"}
timing={}
remoteAddr=localhost
operation=test
eventStatus=NotStarted
EOE
------------------------------------------------------------------------
endTime=0001-01-01T00:00:00Z
startTime=2023-10-01T10:25:39.4614327+08:00
elapsedNano=-9223372036854775808
timezone=CST
ids={"eventId":"e6d286d4-4b9f-44d3-a66b-db3741253f07"}
app={"appName":"chatService","appVersion":"v1.0.0","entryName":"","entryType":""}
env={"arch":"amd64","domain":"*","hostname":"ROOT","localIP":"169.254.148.210","os":"windows"}
payloads={}
counters={}
pairs={"key":"value"}
timing={}
remoteAddr=localhost
operation=test
eventStatus=NotStarted
EOE
------------------------------------------------------------------------
endTime=0001-01-01T00:00:00Z
startTime=2023-10-01T10:25:47.3538823+08:00
elapsedNano=-9223372036854775808
timezone=CST
ids={"eventId":"9be97711-6235-4a06-8004-4f0bc1a93c92"}
app={"appName":"chatService","appVersion":"v1.0.0","entryName":"","entryType":""}
env={"arch":"amd64","domain":"*","hostname":"ROOT","localIP":"169.254.148.210","os":"windows"}
payloads={}
counters={}
pairs={"key":"value"}
timing={}
remoteAddr=localhost
operation=test
eventStatus=NotStarted
EOE
------------------------------------------------------------------------
endTime=0001-01-01T00:00:00Z
startTime=2023-10-01T10:25:55.4856126+08:00
elapsedNano=-9223372036854775808
timezone=CST
ids={"eventId":"9a64b6cd-0b48-4d07-a30f-617032ea4c3c"}
app={"appName":"chatService","appVersion":"v1.0.0","entryName":"","entryType":""}
env={"arch":"amd64","domain":"*","hostname":"ROOT","localIP":"169.254.148.210","os":"windows"}
payloads={}
counters={}
pairs={"key":"value"}
timing={}
remoteAddr=localhost
operation=test
eventStatus=NotStarted
EOE
------------------------------------------------------------------------
endTime=0001-01-01T00:00:00Z
startTime=2023-10-01T10:30:46.087321+08:00
elapsedNano=-9223372036854775808
timezone=CST
ids={"eventId":"edbf7408-814f-4bf3-8f80-b438ee2090b3"}
app={"appName":"chatService","appVersion":"v1.0.0","entryName":"","entryType":""}
env={"arch":"amd64","domain":"*","hostname":"ROOT","localIP":"169.254.148.210","os":"windows"}
payloads={}
counters={}
pairs={"key":"value"}
timing={}
remoteAddr=localhost
operation=test
eventStatus=NotStarted
EOE
------------------------------------------------------------------------
endTime=0001-01-01T00:00:00Z
startTime=2023-10-01T10:31:58.0845484+08:00
elapsedNano=-9223372036854775808
timezone=CST
ids={"eventId":"3b4e1938-762c-494f-a41a-537fb9ddeb72"}
app={"appName":"chatService","appVersion":"v1.0.0","entryName":"","entryType":""}
env={"arch":"amd64","domain":"*","hostname":"ROOT","localIP":"169.254.148.210","os":"windows"}
payloads={}
counters={}
pairs={"key":"value"}
timing={}
remoteAddr=localhost
operation=test
eventStatus=NotStarted
EOE
------------------------------------------------------------------------
endTime=0001-01-01T00:00:00Z
startTime=2023-10-01T11:12:43.3207018+08:00
elapsedNano=-9223372036854775808
timezone=CST
ids={"eventId":"b7e9e225-13e5-49f6-b9bc-95371a4578ee"}
app={"appName":"chatService","appVersion":"v1.0.0","entryName":"","entryType":""}
env={"arch":"amd64","domain":"*","hostname":"ROOT","localIP":"169.254.148.210","os":"windows"}
payloads={}
counters={}
pairs={"key":"value"}
timing={}
remoteAddr=localhost
operation=test
eventStatus=NotStarted
EOE
------------------------------------------------------------------------
endTime=0001-01-01T00:00:00Z
startTime=2023-10-01T11:14:28.7918533+08:00
elapsedNano=-9223372036854775808
timezone=CST
ids={"eventId":"2247bbec-2fd6-42fe-ada9-e1108b5f67c9"}
app={"appName":"chatService","appVersion":"v1.0.0","entryName":"","entryType":""}
env={"arch":"amd64","domain":"*","hostname":"ROOT","localIP":"169.254.148.210","os":"windows"}
payloads={}
counters={}
pairs={"key":"value"}
timing={}
remoteAddr=localhost
operation=test
eventStatus=NotStarted
EOE
------------------------------------------------------------------------
endTime=0001-01-01T00:00:00Z
startTime=2023-10-01T11:21:04.9994632+08:00
elapsedNano=-9223372036854775808
timezone=CST
ids={"eventId":"d15ac4a9-10ee-4431-b31e-4aa5d05e0f0e"}
app={"appName":"chatService","appVersion":"v1.0.0","entryName":"","entryType":""}
env={"arch":"amd64","domain":"*","hostname":"ROOT","localIP":"169.254.148.210","os":"windows"}
payloads={}
counters={}
pairs={"key":"value"}
timing={}
remoteAddr=localhost
operation=test
eventStatus=NotStarted
EOE
------------------------------------------------------------------------
endTime=0001-01-01T00:00:00Z
startTime=2023-10-01T11:23:40.5228751+08:00
elapsedNano=-9223372036854775808
timezone=CST
ids={"eventId":"85c68d09-4547-4833-8b1e-718f1f8b7b1a"}
app={"appName":"chatService","appVersion":"v1.0.0","entryName":"","entryType":""}
env={"arch":"amd64","domain":"*","hostname":"ROOT","localIP":"169.254.148.210","os":"windows"}
payloads={}
counters={}
pairs={"key":"value"}
timing={}
remoteAddr=localhost
operation=test
eventStatus=NotStarted
EOE
------------------------------------------------------------------------
endTime=0001-01-01T00:00:00Z
startTime=2023-10-01T11:23:46.3848103+08:00
elapsedNano=-9223372036854775808
timezone=CST
ids={"eventId":"535e45cb-c543-4d42-9b1a-f32c87847cf2"}
app={"appName":"chatService","appVersion":"v1.0.0","entryName":"","entryType":""}
env={"arch":"amd64","domain":"*","hostname":"ROOT","localIP":"169.254.148.210","os":"windows"}
payloads={}
counters={}
pairs={"key":"value"}
timing={}
remoteAddr=localhost
operation=test
eventStatus=NotStarted
EOE
------------------------------------------------------------------------
endTime=0001-01-01T00:00:00Z
startTime=2023-10-01T11:54:39.7688899+08:00
elapsedNano=-9223372036854775808
timezone=CST
ids={"eventId":"092f1ffb-6f9d-4270-b05e-72f35d43749f"}
app={"appName":"chatService","appVersion":"v1.0.0","entryName":"","entryType":""}
env={"arch":"amd64","domain":"*","hostname":"ROOT","localIP":"169.254.148.210","os":"windows"}
payloads={}
counters={}
pairs={"key":"value"}
timing={}
remoteAddr=localhost
operation=test
eventStatus=NotStarted
EOE
------------------------------------------------------------------------
endTime=0001-01-01T00:00:00Z
startTime=2023-10-01T11:58:40.4215982+08:00
elapsedNano=-9223372036854775808
timezone=CST
ids={"eventId":"1b7b5d3b-ff54-4736-bab2-261e32af92c9"}
app={"appName":"chatService","appVersion":"v1.0.0","entryName":"","entryType":""}
env={"arch":"amd64","domain":"*","hostname":"ROOT","localIP":"169.254.148.210","os":"windows"}
payloads={}
counters={}
pairs={"key":"value"}
timing={}
remoteAddr=localhost
operation=test
eventStatus=NotStarted
EOE
------------------------------------------------------------------------
endTime=0001-01-01T00:00:00Z
startTime=2023-10-01T11:58:54.5281761+08:00
elapsedNano=-9223372036854775808
timezone=CST
ids={"eventId":"53a6fca9-4819-4bc6-8f21-2717f7016bdc"}
app={"appName":"chatService","appVersion":"v1.0.0","entryName":"","entryType":""}
env={"arch":"amd64","domain":"*","hostname":"ROOT","localIP":"169.254.148.210","os":"windows"}
payloads={}
counters={}
pairs={"key":"value"}
timing={}
remoteAddr=localhost
operation=test
eventStatus=NotStarted
EOE
------------------------------------------------------------------------
endTime=0001-01-01T00:00:00Z
startTime=2023-10-01T12:00:11.3866517+08:00
elapsedNano=-9223372036854775808
timezone=CST
ids={"eventId":"acd7bda6-14ec-48ba-8ed4-9e2d6af7ffbb"}
app={"appName":"chatService","appVersion":"v1.0.0","entryName":"","entryType":""}
env={"arch":"amd64","domain":"*","hostname":"ROOT","localIP":"169.254.148.210","os":"windows"}
payloads={}
counters={}
pairs={"key":"value"}
timing={}
remoteAddr=localhost
operation=test
eventStatus=NotStarted
EOE
------------------------------------------------------------------------
endTime=0001-01-01T00:00:00Z
startTime=2023-10-01T12:00:23.4826866+08:00
elapsedNano=-9223372036854775808
timezone=CST
ids={"eventId":"bbcbaa76-3f03-41ce-ba86-fef5e7d14a34"}
app={"appName":"chatService","appVersion":"v1.0.0","entryName":"","entryType":""}
env={"arch":"amd64","domain":"*","hostname":"ROOT","localIP":"169.254.148.210","os":"windows"}
payloads={}
counters={}
pairs={"key":"value"}
timing={}
remoteAddr=localhost
operation=test
eventStatus=NotStarted
EOE
------------------------------------------------------------------------
endTime=0001-01-01T00:00:00Z
startTime=2023-10-01T12:00:37.3187458+08:00
elapsedNano=-9223372036854775808
timezone=CST
ids={"eventId":"b5e0c85a-b012-47cf-9056-aec0e5471a80"}
app={"appName":"chatService","appVersion":"v1.0.0","entryName":"","entryType":""}
env={"arch":"amd64","domain":"*","hostname":"ROOT","localIP":"169.254.148.210","os":"windows"}
payloads={}
counters={}
pairs={"key":"value"}
timing={}
remoteAddr=localhost
operation=test
eventStatus=NotStarted
EOE
------------------------------------------------------------------------
endTime=0001-01-01T00:00:00Z
startTime=2023-10-01T12:39:52.4494134+08:00
elapsedNano=-9223372036854775808
timezone=CST
ids={"eventId":"51eba3ed-ec90-4d92-a1fa-d4460087bf80"}
app={"appName":"chatService","appVersion":"v1.0.0","entryName":"","entryType":""}
env={"arch":"amd64","domain":"*","hostname":"ROOT","localIP":"169.254.148.210","os":"windows"}
payloads={}
counters={}
pairs={"key":"value"}
timing={}
remoteAddr=localhost
operation=test
eventStatus=NotStarted
EOE
------------------------------------------------------------------------
endTime=0001-01-01T00:00:00Z
startTime=2023-10-01T12:44:18.3479816+08:00
elapsedNano=-9223372036854775808
timezone=CST
ids={"eventId":"484848f4-7797-4ec1-a6b2-630d279acc52"}
app={"appName":"chatService","appVersion":"v1.0.0","entryName":"","entryType":""}
env={"arch":"amd64","domain":"*","hostname":"ROOT","localIP":"169.254.148.210","os":"windows"}
payloads={}
counters={}
pairs={"key":"value"}
timing={}
remoteAddr=localhost
operation=test
eventStatus=NotStarted
EOE
------------------------------------------------------------------------
endTime=0001-01-01T00:00:00Z
startTime=2023-10-01T12:49:52.6309191+08:00
elapsedNano=-9223372036854775808
timezone=CST
ids={"eventId":"304c19b7-203c-461b-891b-d97d044d4a2c"}
app={"appName":"chatService","appVersion":"v1.0.0","entryName":"","entryType":""}
env={"arch":"amd64","domain":"*","hostname":"ROOT","localIP":"169.254.148.210","os":"windows"}
payloads={}
counters={}
pairs={"key":"value"}
timing={}
remoteAddr=localhost
operation=test
eventStatus=NotStarted
EOE
------------------------------------------------------------------------
endTime=0001-01-01T00:00:00Z
startTime=2023-10-01T12:52:53.1090926+08:00
elapsedNano=-9223372036854775808
timezone=CST
ids={"eventId":"c1f39468-6021-4a1d-998b-973d7633735f"}
app={"appName":"chatService","appVersion":"v1.0.0","entryName":"","entryType":""}
env={"arch":"amd64","domain":"*","hostname":"ROOT","localIP":"169.254.148.210","os":"windows"}
payloads={}
counters={}
pairs={"key":"value"}
timing={}
remoteAddr=localhost
operation=test
eventStatus=NotStarted
EOE
------------------------------------------------------------------------
endTime=0001-01-01T00:00:00Z
startTime=2023-10-01T12:56:34.8285969+08:00
elapsedNano=-9223372036854775808
timezone=CST
ids={"eventId":"5153b3af-4009-4f88-895d-f404f3491a87"}
app={"appName":"chatService","appVersion":"v1.0.0","entryName":"","entryType":""}
env={"arch":"amd64","domain":"*","hostname":"ROOT","localIP":"169.254.148.210","os":"windows"}
payloads={}
counters={}
pairs={"key":"value"}
timing={}
remoteAddr=localhost
operation=test
eventStatus=NotStarted
EOE
------------------------------------------------------------------------
endTime=0001-01-01T00:00:00Z
startTime=2023-10-01T13:01:07.3915844+08:00
elapsedNano=-9223372036854775808
timezone=CST
ids={"eventId":"e69d1af7-1c14-419b-b214-6b7111b90f33"}
app={"appName":"chatService","appVersion":"v1.0.0","entryName":"","entryType":""}
env={"arch":"amd64","domain":"*","hostname":"ROOT","localIP":"169.254.148.210","os":"windows"}
payloads={}
counters={}
pairs={"key":"value"}
timing={}
remoteAddr=localhost
operation=test
eventStatus=NotStarted
EOE
------------------------------------------------------------------------
endTime=0001-01-01T00:00:00Z
startTime=2023-10-01T13:12:06.4613979+08:00
elapsedNano=-9223372036854775808
timezone=CST
ids={"eventId":"38ddb174-1a02-422e-b370-16ba5f3bc79e"}
app={"appName":"chatService","appVersion":"v1.0.0","entryName":"","entryType":""}
env={"arch":"amd64","domain":"*","hostname":"ROOT","localIP":"169.254.148.210","os":"windows"}
payloads={}
counters={}
pairs={"key":"value"}
timing={}
remoteAddr=localhost
operation=test
eventStatus=NotStarted
EOE
------------------------------------------------------------------------
endTime=0001-01-01T00:00:00Z
startTime=2023-10-01T13:14:43.3107087+08:00
elapsedNano=-9223372036854775808
timezone=CST
ids={"eventId":"17fcd13c-dd59-4837-88b0-22820f75614b"}
app={"appName":"chatService","appVersion":"v1.0.0","entryName":"","entryType":""}
env={"arch":"amd64","domain":"*","hostname":"ROOT","localIP":"169.254.148.210","os":"windows"}
payloads={}
counters={}
pairs={"key":"value"}
timing={}
remoteAddr=localhost
operation=test
eventStatus=NotStarted
EOE
------------------------------------------------------------------------
endTime=0001-01-01T00:00:00Z
startTime=2023-10-01T13:15:23.531996+08:00
elapsedNano=-9223372036854775808
timezone=CST
ids={"eventId":"1ed62af0-9daa-4e25-9953-8aa807dadff1"}
app={"appName":"chatService","appVersion":"v1.0.0","entryName":"","entryType":""}
env={"arch":"amd64","domain":"*","hostname":"ROOT","localIP":"169.254.148.210","os":"windows"}
payloads={}
counters={}
pairs={"key":"value"}
timing={}
remoteAddr=localhost
operation=test
eventStatus=NotStarted
EOE
------------------------------------------------------------------------
endTime=0001-01-01T00:00:00Z
startTime=2023-10-01T13:17:02.7942195+08:00
elapsedNano=-9223372036854775808
timezone=CST
ids={"eventId":"e2972062-7ac4-41d5-88d6-56a292c6d940"}
app={"appName":"chatService","appVersion":"v1.0.0","entryName":"","entryType":""}
env={"arch":"amd64","domain":"*","hostname":"ROOT","localIP":"169.254.148.210","os":"windows"}
payloads={}
counters={}
pairs={"key":"value"}
timing={}
remoteAddr=localhost
operation=test
eventStatus=NotStarted
EOE
------------------------------------------------------------------------
endTime=0001-01-01T00:00:00Z
startTime=2023-10-01T13:18:38.2632972+08:00
elapsedNano=-9223372036854775808
timezone=CST
ids={"eventId":"938d6a70-b140-4319-b6c4-323d1f5fdfad"}
app={"appName":"chatService","appVersion":"v1.0.0","entryName":"","entryType":""}
env={"arch":"amd64","domain":"*","hostname":"ROOT","localIP":"169.254.148.210","os":"windows"}
payloads={}
counters={}
pairs={"key":"value"}
timing={}
remoteAddr=localhost
operation=test
eventStatus=NotStarted
EOE
------------------------------------------------------------------------
endTime=0001-01-01T00:00:00Z
startTime=2023-10-01T13:20:33.8195855+08:00
elapsedNano=-9223372036854775808
timezone=CST
ids={"eventId":"a857540e-5ece-406f-8d9e-5e71be1ab1bd"}
app={"appName":"chatService","appVersion":"v1.0.0","entryName":"","entryType":""}
env={"arch":"amd64","domain":"*","hostname":"ROOT","localIP":"169.254.148.210","os":"windows"}
payloads={}
counters={}
pairs={"key":"value"}
timing={}
remoteAddr=localhost
operation=test
eventStatus=NotStarted
EOE
------------------------------------------------------------------------
endTime=0001-01-01T00:00:00Z
startTime=2023-10-01T13:28:11.8152619+08:00
elapsedNano=-9223372036854775808
timezone=CST
ids={"eventId":"40335b0f-cb11-425f-ac24-07fa5f9e1f13"}
app={"appName":"chatService","appVersion":"v1.0.0","entryName":"","entryType":""}
env={"arch":"amd64","domain":"*","hostname":"ROOT","localIP":"169.254.148.210","os":"windows"}
payloads={}
counters={}
pairs={"key":"value"}
timing={}
remoteAddr=localhost
operation=test
eventStatus=NotStarted
EOE
------------------------------------------------------------------------
endTime=0001-01-01T00:00:00Z
startTime=2023-10-01T13:37:24.8244624+08:00
elapsedNano=-9223372036854775808
timezone=CST
ids={"eventId":"f6906ad2-1139-4cb1-a73f-cabf25d41df7"}
app={"appName":"chatService","appVersion":"v1.0.0","entryName":"","entryType":""}
env={"arch":"amd64","domain":"*","hostname":"ROOT","localIP":"169.254.148.210","os":"windows"}
payloads={}
counters={}
pairs={"key":"value"}
timing={}
remoteAddr=localhost
operation=test
eventStatus=NotStarted
EOE
------------------------------------------------------------------------
endTime=0001-01-01T00:00:00Z
startTime=2023-10-01T15:57:49.2940055+08:00
elapsedNano=-9223372036854775808
timezone=CST
ids={"eventId":"af04bd23-15bf-4a13-973b-005752c6a748"}
app={"appName":"chatService","appVersion":"v1.0.0","entryName":"","entryType":""}
env={"arch":"amd64","domain":"*","hostname":"ROOT","localIP":"169.254.148.210","os":"windows"}
payloads={}
counters={}
pairs={"key":"value"}
timing={}
remoteAddr=localhost
operation=test
eventStatus=NotStarted
EOE
------------------------------------------------------------------------
endTime=0001-01-01T00:00:00Z
startTime=2023-10-02T10:18:15.7239972+08:00
elapsedNano=-9223372036854775808
timezone=CST
ids={"eventId":"aa868e20-b69a-45ab-8da7-81d75a5a7a30"}
app={"appName":"chatService","appVersion":"v1.0.0","entryName":"","entryType":""}
env={"arch":"amd64","domain":"*","hostname":"ROOT","localIP":"169.254.148.210","os":"windows"}
payloads={}
counters={}
pairs={"key":"value"}
timing={}
remoteAddr=localhost
operation=test
eventStatus=NotStarted
EOE
------------------------------------------------------------------------
endTime=0001-01-01T00:00:00Z
startTime=2023-10-02T10:18:29.6350531+08:00
elapsedNano=-9223372036854775808
timezone=CST
ids={"eventId":"2088de9a-1c9e-4ee7-a84e-a318c81aac40"}
app={"appName":"chatService","appVersion":"v1.0.0","entryName":"","entryType":""}
env={"arch":"amd64","domain":"*","hostname":"ROOT","localIP":"169.254.148.210","os":"windows"}
payloads={}
counters={}
pairs={"key":"value"}
timing={}
remoteAddr=localhost
operation=test
eventStatus=NotStarted
EOE
------------------------------------------------------------------------
endTime=0001-01-01T00:00:00Z
startTime=2023-10-02T10:19:46.3371327+08:00
elapsedNano=-9223372036854775808
timezone=CST
ids={"eventId":"64447bc3-e4d3-45c6-b157-18c7ad4e9e41"}
app={"appName":"chatService","appVersion":"v1.0.0","entryName":"","entryType":""}
env={"arch":"amd64","domain":"*","hostname":"ROOT","localIP":"169.254.148.210","os":"windows"}
payloads={}
counters={}
pairs={"key":"value"}
timing={}
remoteAddr=localhost
operation=test
eventStatus=NotStarted
EOE
------------------------------------------------------------------------
endTime=0001-01-01T00:00:00Z
startTime=2023-10-02T10:19:54.3373694+08:00
elapsedNano=-9223372036854775808
timezone=CST
ids={"eventId":"6360f313-ab4f-4744-8060-034c5b302d33"}
app={"appName":"chatService","appVersion":"v1.0.0","entryName":"","entryType":""}
env={"arch":"amd64","domain":"*","hostname":"ROOT","localIP":"169.254.148.210","os":"windows"}
payloads={}
counters={}
pairs={"key":"value"}
timing={}
remoteAddr=localhost
operation=test
eventStatus=NotStarted
EOE
------------------------------------------------------------------------
endTime=0001-01-01T00:00:00Z
startTime=2023-10-02T10:20:04.3527753+08:00
elapsedNano=-9223372036854775808
timezone=CST
ids={"eventId":"1ebf6f41-fb35-4f6f-ac6b-99210cead648"}
app={"appName":"chatService","appVersion":"v1.0.0","entryName":"","entryType":""}
env={"arch":"amd64","domain":"*","hostname":"ROOT","localIP":"169.254.148.210","os":"windows"}
payloads={}
counters={}
pairs={"key":"value"}
timing={}
remoteAddr=localhost
operation=test
eventStatus=NotStarted
EOE
