{"level":"info","ts":"2023-09-29T17:34:12.887+0800","caller":"db/db.go:37","msg":"mysql init"}
{"level":"info","ts":"2023-09-29T17:34:12.909+0800","caller":"db/es.go:53","msg":"es init"}
{"level":"info","ts":"2023-09-29T17:34:12.910+0800","caller":"db/etcd.go:32","msg":"etcd init"}
{"level":"info","ts":"2023-09-29T17:34:12.910+0800","caller":"db/minio.go:39","msg":"minio init"}
{"level":"info","ts":"2023-09-29T17:34:12.921+0800","caller":"db/mongo.go:43","msg":"mongo init"}
{"level":"info","ts":"2023-09-29T17:34:12.925+0800","caller":"db/mq.go:40","msg":"rabbitmq init"}
{"level":"info","ts":"2023-09-29T17:34:12.926+0800","caller":"db/redis.go:30","msg":"redis init"}
{"level":"info","ts":"2023-09-29T17:46:39.580+0800","caller":"db/db.go:37","msg":"mysql init"}
{"level":"info","ts":"2023-09-29T17:46:39.609+0800","caller":"db/es.go:53","msg":"es init"}
{"level":"info","ts":"2023-09-29T17:46:39.610+0800","caller":"db/etcd.go:32","msg":"etcd init"}
{"level":"info","ts":"2023-09-29T17:46:39.610+0800","caller":"db/minio.go:39","msg":"minio init"}
{"level":"info","ts":"2023-09-29T17:46:39.619+0800","caller":"db/mongo.go:43","msg":"mongo init"}
{"level":"info","ts":"2023-09-29T17:46:39.622+0800","caller":"db/mq.go:40","msg":"rabbitmq init"}
{"level":"info","ts":"2023-09-29T17:46:39.624+0800","caller":"db/redis.go:30","msg":"redis init"}
{"level":"info","ts":"2023-09-29T17:53:29.476+0800","caller":"db/db.go:37","msg":"mysql init"}
{"level":"info","ts":"2023-09-29T17:53:29.496+0800","caller":"db/es.go:53","msg":"es init"}
{"level":"info","ts":"2023-09-29T17:53:29.497+0800","caller":"db/etcd.go:32","msg":"etcd init"}
{"level":"info","ts":"2023-09-29T17:53:29.497+0800","caller":"db/minio.go:39","msg":"minio init"}
{"level":"info","ts":"2023-09-29T17:53:29.507+0800","caller":"db/mongo.go:43","msg":"mongo init"}
{"level":"info","ts":"2023-09-29T17:53:29.510+0800","caller":"db/mq.go:40","msg":"rabbitmq init"}
{"level":"info","ts":"2023-09-29T17:53:29.511+0800","caller":"db/redis.go:30","msg":"redis init"}
{"level":"info","ts":"2023-09-29T17:55:25.370+0800","caller":"db/db.go:37","msg":"mysql init"}
{"level":"info","ts":"2023-09-29T17:55:25.391+0800","caller":"db/es.go:53","msg":"es init"}
{"level":"info","ts":"2023-09-29T17:55:25.391+0800","caller":"db/etcd.go:32","msg":"etcd init"}
{"level":"info","ts":"2023-09-29T17:55:25.392+0800","caller":"db/minio.go:39","msg":"minio init"}
{"level":"info","ts":"2023-09-29T17:55:25.401+0800","caller":"db/mongo.go:43","msg":"mongo init"}
{"level":"info","ts":"2023-09-29T17:55:25.404+0800","caller":"db/mq.go:40","msg":"rabbitmq init"}
{"level":"info","ts":"2023-09-29T17:55:25.405+0800","caller":"db/redis.go:30","msg":"redis init"}
{"level":"info","ts":"2023-09-29T17:55:56.320+0800","caller":"db/db.go:37","msg":"mysql init"}
{"level":"info","ts":"2023-09-29T17:55:56.349+0800","caller":"db/es.go:53","msg":"es init"}
{"level":"info","ts":"2023-09-29T17:55:56.350+0800","caller":"db/etcd.go:32","msg":"etcd init"}
{"level":"info","ts":"2023-09-29T17:55:56.350+0800","caller":"db/minio.go:39","msg":"minio init"}
{"level":"info","ts":"2023-09-29T17:55:56.359+0800","caller":"db/mongo.go:43","msg":"mongo init"}
{"level":"info","ts":"2023-09-29T17:55:56.362+0800","caller":"db/mq.go:40","msg":"rabbitmq init"}
{"level":"info","ts":"2023-09-29T17:55:56.363+0800","caller":"db/redis.go:30","msg":"redis init"}
{"level":"info","ts":"2023-09-29T18:08:52.298+0800","caller":"db/db.go:37","msg":"mysql init"}
{"level":"info","ts":"2023-09-29T18:08:52.320+0800","caller":"db/es.go:53","msg":"es init"}
{"level":"info","ts":"2023-09-29T18:08:52.321+0800","caller":"db/etcd.go:32","msg":"etcd init"}
{"level":"info","ts":"2023-09-29T18:08:52.322+0800","caller":"db/minio.go:39","msg":"minio init"}
{"level":"info","ts":"2023-09-29T18:08:52.331+0800","caller":"db/mongo.go:43","msg":"mongo init"}
{"level":"info","ts":"2023-09-29T18:08:52.334+0800","caller":"db/mq.go:40","msg":"rabbitmq init"}
{"level":"info","ts":"2023-09-29T18:08:52.335+0800","caller":"db/redis.go:30","msg":"redis init"}
{"level":"info","ts":"2023-09-29T18:21:56.633+0800","caller":"db/db.go:37","msg":"mysql init"}
{"level":"info","ts":"2023-09-29T18:21:56.653+0800","caller":"db/es.go:53","msg":"es init"}
{"level":"info","ts":"2023-09-29T18:21:56.653+0800","caller":"db/etcd.go:32","msg":"etcd init"}
{"level":"info","ts":"2023-09-29T18:21:56.654+0800","caller":"db/minio.go:39","msg":"minio init"}
{"level":"info","ts":"2023-09-29T18:21:56.665+0800","caller":"db/mongo.go:43","msg":"mongo init"}
{"level":"info","ts":"2023-09-29T18:21:56.669+0800","caller":"db/mq.go:40","msg":"rabbitmq init"}
{"level":"info","ts":"2023-09-29T18:21:56.670+0800","caller":"db/redis.go:30","msg":"redis init"}
{"level":"info","ts":"2023-09-29T18:35:35.116+0800","caller":"db/db.go:37","msg":"mysql init"}
{"level":"info","ts":"2023-09-29T18:35:35.136+0800","caller":"db/es.go:53","msg":"es init"}
{"level":"info","ts":"2023-09-29T18:35:35.137+0800","caller":"db/etcd.go:32","msg":"etcd init"}
{"level":"info","ts":"2023-09-29T18:35:35.137+0800","caller":"db/minio.go:39","msg":"minio init"}
{"level":"info","ts":"2023-09-29T18:35:35.147+0800","caller":"db/mongo.go:43","msg":"mongo init"}
{"level":"info","ts":"2023-09-29T18:35:35.150+0800","caller":"db/mq.go:40","msg":"rabbitmq init"}
{"level":"info","ts":"2023-09-29T18:35:35.151+0800","caller":"db/redis.go:30","msg":"redis init"}
{"level":"info","ts":"2023-09-29T18:43:13.082+0800","caller":"db/db.go:37","msg":"mysql init"}
{"level":"info","ts":"2023-09-29T18:43:13.102+0800","caller":"db/es.go:53","msg":"es init"}
{"level":"info","ts":"2023-09-29T18:43:13.103+0800","caller":"db/etcd.go:32","msg":"etcd init"}
{"level":"info","ts":"2023-09-29T18:43:13.103+0800","caller":"db/minio.go:39","msg":"minio init"}
{"level":"info","ts":"2023-09-29T18:43:13.113+0800","caller":"db/mongo.go:43","msg":"mongo init"}
{"level":"info","ts":"2023-09-29T18:43:13.116+0800","caller":"db/mq.go:40","msg":"rabbitmq init"}
{"level":"info","ts":"2023-09-29T18:43:13.117+0800","caller":"db/redis.go:30","msg":"redis init"}
{"level":"info","ts":"2023-09-29T18:52:24.368+0800","caller":"db/db.go:37","msg":"mysql init"}
{"level":"info","ts":"2023-09-29T18:52:24.390+0800","caller":"db/es.go:53","msg":"es init"}
{"level":"info","ts":"2023-09-29T18:52:24.390+0800","caller":"db/etcd.go:32","msg":"etcd init"}
{"level":"info","ts":"2023-09-29T18:52:24.391+0800","caller":"db/minio.go:39","msg":"minio init"}
{"level":"info","ts":"2023-09-29T18:52:24.400+0800","caller":"db/mongo.go:43","msg":"mongo init"}
{"level":"info","ts":"2023-09-29T18:52:24.403+0800","caller":"db/mq.go:40","msg":"rabbitmq init"}
{"level":"info","ts":"2023-09-29T18:52:24.404+0800","caller":"db/redis.go:30","msg":"redis init"}
{"level":"info","ts":"2023-09-29T19:01:06.995+0800","caller":"db/db.go:37","msg":"mysql init"}
{"level":"info","ts":"2023-09-29T19:01:07.017+0800","caller":"db/es.go:53","msg":"es init"}
{"level":"info","ts":"2023-09-29T19:01:07.018+0800","caller":"db/etcd.go:32","msg":"etcd init"}
{"level":"info","ts":"2023-09-29T19:01:07.018+0800","caller":"db/minio.go:39","msg":"minio init"}
{"level":"info","ts":"2023-09-29T19:01:07.027+0800","caller":"db/mongo.go:43","msg":"mongo init"}
{"level":"info","ts":"2023-09-29T19:01:07.030+0800","caller":"db/mq.go:40","msg":"rabbitmq init"}
{"level":"info","ts":"2023-09-29T19:01:07.030+0800","caller":"db/redis.go:30","msg":"redis init"}
{"level":"info","ts":"2023-09-30T08:31:48.592+0800","caller":"db/db.go:37","msg":"mysql init"}
{"level":"info","ts":"2023-09-30T08:31:48.615+0800","caller":"db/es.go:53","msg":"es init"}
{"level":"info","ts":"2023-09-30T08:31:48.616+0800","caller":"db/etcd.go:32","msg":"etcd init"}
{"level":"info","ts":"2023-09-30T08:31:48.616+0800","caller":"db/minio.go:39","msg":"minio init"}
{"level":"info","ts":"2023-09-30T08:31:48.637+0800","caller":"db/mongo.go:43","msg":"mongo init"}
{"level":"info","ts":"2023-09-30T08:31:48.643+0800","caller":"db/mq.go:40","msg":"rabbitmq init"}
{"level":"info","ts":"2023-09-30T08:31:48.644+0800","caller":"db/redis.go:30","msg":"redis init"}
